[2020-08-28 20:36:46] START
[2020-08-31 11:10:05] CREATE basic.py: 0
[2020-08-31 11:12:09] EDIT Fresh/controllers/basic.py: 3
[2020-08-31 11:13:34] EDIT Fresh/controllers/basic.py: 0
[2020-08-31 11:14:28] EDIT Fresh/controllers/basic.py: 0
[2020-08-31 11:16:15] CREATE basic/helloworld.html: 0
[2020-08-31 11:17:47] EDIT Fresh/views/basic/helloworld.html: 0
[2020-08-31 11:18:59] EDIT Fresh/views/basic/helloworld.html: 2
[2020-08-31 11:21:12] EDIT Fresh/views/basic/helloworld.html: -1
[2020-08-31 11:21:37] EDIT Fresh/views/basic/helloworld.html: 1
[2020-08-31 11:24:21] EDIT Fresh/views/layout.html: -1
[2020-08-31 11:25:29] EDIT Fresh/views/layout.html: 0
[2020-08-31 11:27:13] EDIT Fresh/views/layout.html: -3
[2020-08-31 11:29:51] EDIT Fresh/views/layout.html: 0
[2020-08-31 11:35:19] EDIT Fresh/views/layout.html: 0
[2020-08-31 11:40:37] EDIT Fresh/models/menu.py: -35
[2020-08-31 11:40:56] EDIT Fresh/models/menu.py: 0
[2020-08-31 11:42:48] EDIT Fresh/models/menu.py: 0
[2020-08-31 11:44:39] EDIT Fresh/models/menu.py: -6
[2020-08-31 11:45:20] EDIT Fresh/models/menu.py: 0
[2020-08-31 11:46:45] EDIT Fresh/models/menu.py: 0
[2020-08-31 11:49:15] EDIT Fresh/models/menu.py: -44
[2020-08-31 11:49:33] EDIT Fresh/models/menu.py: 0
[2020-08-31 11:50:37] EDIT Fresh/models/menu.py: -2
[2020-08-31 11:51:57] EDIT Fresh/models/menu.py: 0
[2020-08-31 12:00:57] EDIT Fresh/views/layout.html: 1
[2020-08-31 12:01:28] EDIT Fresh/views/layout.html: 0
[2020-08-31 12:14:42] EDIT Fresh/views/layout.html: 0
[2020-08-31 12:15:48] EDIT Fresh/views/layout.html: 0
[2020-08-31 12:16:31] EDIT Fresh/views/layout.html: 0
[2020-08-31 14:29:31] EDIT Fresh/views/layout.html: 0
[2020-08-31 14:32:28] CREATE basic/home.html: 0
[2020-08-31 14:32:51] CREATE basic/account.html: 0
[2020-08-31 14:33:26] CREATE basic/cart.html: 0
[2020-08-31 14:33:50] CREATE basic/request.html: 0
[2020-08-31 14:34:48] CREATE basic/products.html: 0
[2020-08-31 14:36:51] CREATE basic/requestedlist.html: 0
[2020-08-31 14:37:13] DELETE Fresh/views/basic/requestedlist.html: -3
[2020-08-31 14:37:31] CREATE basic/reqlist.html: 0
[2020-08-31 14:44:02] EDIT Fresh/controllers/basic.py: 2
[2020-08-31 14:50:26] EDIT Fresh/views/basic/home.html: 46
[2020-08-31 14:51:41] EDIT Fresh/controllers/basic.py: 0
[2020-08-31 14:56:32] EDIT Fresh/views/basic/home.html: 2
[2020-08-31 14:57:30] EDIT Fresh/views/basic/home.html: 0
[2020-08-31 14:58:07] EDIT Fresh/views/basic/home.html: -1
[2020-08-31 15:05:30] EDIT Fresh/views/basic/home.html: 0
[2020-08-31 15:06:05] EDIT Fresh/views/basic/home.html: 0
[2020-08-31 15:07:26] EDIT Fresh/views/basic/home.html: 0
[2020-08-31 15:07:57] EDIT Fresh/views/basic/home.html: 0
[2020-08-31 15:08:51] EDIT Fresh/views/basic/home.html: 0
[2020-08-31 15:09:57] EDIT Fresh/views/basic/home.html: 0
[2020-08-31 15:12:30] EDIT Fresh/controllers/basic.py: -3
[2020-08-31 15:13:15] EDIT Fresh/controllers/basic.py: 2
[2020-08-31 15:14:14] EDIT Fresh/controllers/basic.py: 1
[2020-08-31 15:20:25] EDIT Fresh/views/basic/home.html: 0
[2020-08-31 15:20:54] EDIT Fresh/views/basic/home.html: 0
[2020-08-31 15:55:13] EDIT Fresh/views/layout.html: 11
[2020-08-31 15:57:54] EDIT Fresh/views/basic/home.html: 3
[2020-08-31 15:58:47] EDIT Fresh/views/layout.html: 0
[2020-08-31 15:59:40] EDIT Fresh/views/basic/home.html: 0
[2020-08-31 16:01:05] EDIT Fresh/views/basic/home.html: 0
[2020-08-31 16:01:42] EDIT Fresh/views/basic/home.html: 0
[2020-08-31 16:10:52] EDIT Fresh/views/layout.html: 0
[2020-08-31 16:12:17] EDIT Fresh/views/layout.html: 0
[2020-08-31 16:12:41] EDIT Fresh/views/basic/home.html: -1
[2020-08-31 16:17:26] EDIT Fresh/controllers/basic.py: 0
[2020-08-31 16:18:34] EDIT Fresh/controllers/basic.py: 0
[2020-08-31 16:18:43] EDIT Fresh/views/basic/home.html: -2
[2020-08-31 16:19:16] EDIT Fresh/views/basic/home.html: 0
[2020-08-31 16:19:33] EDIT Fresh/views/basic/home.html: 0
[2020-08-31 16:20:15] EDIT Fresh/controllers/basic.py: 0
[2020-08-31 16:38:39] EDIT Fresh/views/basic/home.html: -5
[2020-08-31 16:39:34] EDIT Fresh/views/basic/home.html: 0
[2020-08-31 16:39:52] EDIT Fresh/views/basic/home.html: 0
[2020-08-31 16:40:39] EDIT Fresh/views/basic/home.html: 0
[2020-08-31 16:40:53] EDIT Fresh/views/basic/home.html: 0
[2020-08-31 16:41:12] EDIT Fresh/views/basic/home.html: 0
[2020-08-31 16:41:29] EDIT Fresh/views/basic/home.html: 0
[2020-08-31 16:42:18] EDIT Fresh/views/basic/home.html: 0
[2020-08-31 16:42:34] EDIT Fresh/views/basic/home.html: 0
[2020-08-31 16:42:54] EDIT Fresh/views/basic/home.html: 0
[2020-08-31 16:47:13] EDIT Fresh/controllers/basic.py: 0
[2020-08-31 16:47:37] EDIT Fresh/controllers/basic.py: 0
[2020-08-31 16:49:38] EDIT Fresh/controllers/basic.py: 0
[2020-08-31 16:52:31] EDIT Fresh/controllers/basic.py: 0
[2020-08-31 16:52:37] EDIT Fresh/controllers/basic.py: 0
[2020-08-31 16:52:59] EDIT Fresh/controllers/basic.py: -3
[2020-08-31 16:53:15] EDIT Fresh/controllers/basic.py: 3
[2020-08-31 16:54:42] EDIT Fresh/controllers/basic.py: 0
[2020-08-31 16:55:13] EDIT Fresh/controllers/basic.py: 0
[2020-08-31 16:56:43] EDIT Fresh/views/basic/home.html: 0
[2020-08-31 16:56:47] EDIT Fresh/controllers/basic.py: 0
[2020-08-31 16:57:39] EDIT Fresh/controllers/basic.py: 0
[2020-08-31 17:01:51] EDIT Fresh/controllers/basic.py: -3
[2020-08-31 17:02:04] EDIT Fresh/controllers/basic.py: 0
[2020-08-31 17:04:19] EDIT Fresh/controllers/basic.py: 0
[2020-08-31 17:18:45] EDIT Fresh/views/basic/home.html: 3
[2020-08-31 17:20:31] EDIT Fresh/views/basic/home.html: -3
[2020-08-31 17:24:05] EDIT Fresh/controllers/basic.py: 0
[2020-08-31 17:28:19] EDIT Fresh/controllers/basic.py: 0
[2020-08-31 17:31:15] EDIT Fresh/views/basic/home.html: -2
[2020-08-31 17:32:00] EDIT Fresh/controllers/basic.py: 0
[2020-08-31 17:33:19] EDIT Fresh/views/basic/home.html: 2
[2020-08-31 17:33:30] EDIT Fresh/controllers/basic.py: 0
[2020-08-31 17:34:28] EDIT Fresh/views/basic/home.html: -4
[2020-08-31 17:35:16] EDIT Fresh/views/basic/home.html: -4
[2020-08-31 17:36:03] EDIT Fresh/controllers/basic.py: 0
[2020-08-31 17:36:12] EDIT Fresh/controllers/basic.py: -1
[2020-08-31 17:37:51] DELETE Fresh/views/basic/helloworld.html: -5
[2020-08-31 17:38:15] DELETE Fresh/controllers/basic.py: -2
[2020-08-31 17:40:11] CREATE basic.py: 0
[2020-08-31 17:41:56] EDIT Fresh/controllers/basic.py: 3
[2020-08-31 17:43:37] EDIT Fresh/views/basic/home.html: 9
[2020-08-31 17:45:07] EDIT Fresh/controllers/basic.py: 0
[2020-08-31 17:47:43] EDIT Fresh/views/basic/home.html: 0
[2020-08-31 17:49:33] EDIT Fresh/views/basic/home.html: 1
[2020-08-31 17:51:13] EDIT Fresh/views/basic/home.html: 0
[2020-08-31 17:51:49] EDIT Fresh/views/layout.html: 0
[2020-08-31 17:52:49] EDIT Fresh/views/layout.html: 8
[2020-08-31 17:53:18] EDIT Fresh/views/basic/home.html: 0
[2020-08-31 17:55:38] EDIT Fresh/views/basic/home.html: 0
[2020-08-31 17:58:15] EDIT Fresh/views/basic/home.html: 0
[2020-08-31 17:59:35] EDIT Fresh/views/layout.html: 0
[2020-08-31 18:00:08] EDIT Fresh/views/basic/home.html: -7
[2020-08-31 18:02:19] EDIT Fresh/views/basic/home.html: -13
[2020-08-31 18:03:57] EDIT Fresh/views/layout.html: 3
[2020-08-31 18:04:57] EDIT Fresh/views/layout.html: 0
[2020-08-31 18:06:11] EDIT Fresh/views/layout.html: 0
[2020-08-31 18:21:09] EDIT Fresh/views/layout.html: 0
[2020-08-31 18:26:16] EDIT Fresh/views/basic/home.html: 0
[2020-08-31 18:26:51] EDIT Fresh/views/layout.html: 0
[2020-08-31 18:27:38] EDIT Fresh/views/layout.html: 0
[2020-08-31 18:28:10] EDIT Fresh/views/layout.html: 0
[2020-08-31 18:37:10] EDIT Fresh/views/basic/home.html: 0
[2020-08-31 18:37:56] EDIT Fresh/views/basic/home.html: 0
[2020-08-31 18:38:22] EDIT Fresh/views/layout.html: 0
[2020-08-31 18:39:38] EDIT Fresh/views/layout.html: 0
[2020-08-31 18:39:57] EDIT Fresh/views/layout.html: 0
[2020-08-31 18:40:02] EDIT Fresh/views/layout.html: 0
[2020-08-31 18:40:22] EDIT Fresh/views/layout.html: 0
[2020-08-31 18:42:11] EDIT Fresh/views/layout.html: 1
[2020-08-31 18:42:42] EDIT Fresh/views/layout.html: 0
[2020-08-31 18:44:23] EDIT Fresh/views/basic/home.html: 0
[2020-08-31 18:45:00] EDIT Fresh/views/basic/home.html: 0
[2020-08-31 18:45:16] EDIT Fresh/views/basic/home.html: 0
[2020-08-31 18:45:19] EDIT Fresh/views/basic/home.html: 0
[2020-08-31 18:45:54] EDIT Fresh/views/layout.html: -1
[2020-08-31 18:49:21] EDIT Fresh/views/basic/home.html: 0
[2020-08-31 18:50:27] EDIT Fresh/views/basic/home.html: 0
[2020-08-31 18:54:32] EDIT Fresh/views/basic/home.html: 0
[2020-08-31 18:56:02] EDIT Fresh/views/layout.html: 1
[2020-08-31 18:56:15] EDIT Fresh/views/basic/home.html: 0
[2020-08-31 19:01:00] EDIT Fresh/views/layout.html: 0
[2020-08-31 19:02:10] EDIT Fresh/views/basic/home.html: 0
[2020-08-31 19:07:34] EDIT Fresh/views/basic/home.html: 0
[2020-08-31 19:08:28] EDIT Fresh/views/layout.html: 0
[2020-08-31 19:08:51] EDIT Fresh/views/layout.html: -3
[2020-08-31 19:10:31] EDIT Fresh/views/layout.html: 3
[2020-08-31 19:12:17] EDIT Fresh/views/layout.html: 0
[2020-08-31 19:18:59] EDIT Fresh/views/basic/home.html: -1
[2020-08-31 19:22:39] EDIT Fresh/models/menu.py: 0
[2020-08-31 19:25:55] EDIT Fresh/models/menu.py: 1
[2020-08-31 20:28:53] EDIT Fresh/views/layout.html: 0
[2020-08-31 21:00:49] EDIT Fresh/models/db.py: 8
[2020-08-31 21:01:48] EDIT Fresh/models/db.py: -1
[2020-08-31 21:15:05] EDIT Fresh/models/db.py: 11
[2020-08-31 21:15:18] EDIT Fresh/models/db.py: -1
[2020-08-31 21:21:07] CREATE DATB.py: 0
[2020-08-31 21:35:30] CREATE prod.py: 0
[2020-08-31 21:42:14] EDIT Fresh/controllers/prod.py: 6
[2020-08-31 21:43:17] CREATE prod/post.html: 0
[2020-08-31 21:45:14] EDIT Fresh/views/prod/post.html: 0
[2020-08-31 21:46:29] EDIT Fresh/models/db.py: -17
[2020-08-31 21:47:17] DELETE Fresh/models/DATB.py: 0
[2020-08-31 21:48:10] EDIT Fresh/models/db.py: 15
[2020-08-31 21:53:05] EDIT Fresh/controllers/prod.py: 0
[2020-08-31 21:57:50] CREATE Products.py: 0
[2020-08-31 22:00:22] EDIT Fresh/controllers/Products.py: 6
[2020-08-31 22:03:21] DELETE Fresh/controllers/prod.py: -7
[2020-08-31 22:04:07] EDIT Fresh/controllers/Products.py: 0
[2020-08-31 22:05:10] DELETE Fresh/views/prod/post.html: -3
[2020-08-31 22:05:47] CREATE Products/request.html: 0
[2020-08-31 22:06:01] DELETE Fresh/views/basic/request.html: -3
[2020-08-31 22:06:55] EDIT Fresh/views/Products/request.html: 0
[2020-08-31 22:09:12] EDIT Fresh/models/menu.py: 0
[2020-08-31 22:10:10] EDIT Fresh/models/menu.py: 0
[2020-08-31 22:10:31] EDIT Fresh/models/menu.py: -1
[2020-08-31 22:11:58] EDIT Fresh/models/menu.py: 0
[2020-08-31 22:12:18] EDIT Fresh/models/menu.py: 1
[2020-08-31 22:37:13] EDIT Fresh/views/Products/request.html: 35
[2020-08-31 22:39:15] EDIT Fresh/views/Products/request.html: -35
[2020-08-31 22:43:44] EDIT Fresh/views/layout.html: 0
[2020-08-31 22:44:28] EDIT Fresh/views/layout.html: 0
[2020-08-31 22:44:58] EDIT Fresh/views/layout.html: 0
[2020-08-31 22:46:05] EDIT Fresh/views/layout.html: 0
[2020-08-31 22:46:58] EDIT Fresh/views/layout.html: 0
[2020-08-31 22:47:21] EDIT Fresh/views/layout.html: 0
[2020-08-31 22:48:39] EDIT Fresh/views/layout.html: 0
[2020-08-31 22:55:29] CREATE Products/list.html: 0
[2020-08-31 22:55:42] DELETE Fresh/views/basic/products.html: -3
[2020-08-31 22:59:14] EDIT Fresh/views/Products/list.html: 0
[2020-09-01 12:19:30] EDIT Fresh/models/db.py: 18
[2020-09-01 12:19:56] EDIT Fresh/models/db.py: 0
[2020-09-01 12:21:58] EDIT Fresh/models/db.py: 0
[2020-09-01 12:38:30] EDIT Fresh/controllers/Products.py: 5
[2020-09-01 12:40:25] EDIT Fresh/controllers/Products.py: 0
[2020-09-01 12:41:42] EDIT Fresh/controllers/Products.py: 0
[2020-09-01 14:01:54] EDIT Fresh/controllers/Products.py: 45
[2020-09-01 14:04:41] CREATE Account.py: 0
[2020-09-01 14:25:00] EDIT Fresh/controllers/Account.py: 14
[2020-09-01 14:59:49] EDIT Fresh/views/Products/list.html: 31
[2020-09-01 15:05:20] EDIT Fresh/views/Products/list.html: -1
[2020-09-01 15:13:12] EDIT Fresh/controllers/Products.py: 0
[2020-09-01 15:23:58] EDIT Fresh/views/Products/list.html: 0
[2020-09-01 15:26:41] EDIT Fresh/controllers/Products.py: 0
[2020-09-01 15:32:54] DELETE Fresh/views/basic/cart.html: -3
[2020-09-01 15:33:05] DELETE Fresh/views/basic/account.html: -3
[2020-09-01 15:33:45] DELETE Fresh/views/basic/reqlist.html: -3
[2020-09-01 16:32:57] EDIT Fresh/models/menu.py: 0
[2020-09-01 16:34:49] EDIT Fresh/models/menu.py: 0
[2020-09-01 17:20:26] EDIT Fresh/models/db.py: -1
[2020-09-01 17:32:23] EDIT Fresh/models/db.py: -1
[2020-09-01 17:35:16] EDIT Fresh/models/db.py: -1
[2020-09-01 17:52:47] EDIT Fresh/controllers/basic.py: 12
[2020-09-01 17:53:14] CREATE basic/register_person.html: 0
[2020-09-01 19:24:12] EDIT Fresh/views/basic/register_person.html: 2
[2020-09-01 21:46:20] EDIT Fresh/controllers/basic.py: 8
[2020-09-01 22:51:21] EDIT Fresh/controllers/basic.py: 23
[2020-09-01 22:53:03] EDIT Fresh/views/basic/register_person.html: 6
[2020-09-01 22:54:04] EDIT Fresh/views/basic/register_person.html: -6
[2020-09-01 22:56:20] EDIT Fresh/views/basic/register_person.html: 0
[2020-09-01 23:01:25] EDIT Fresh/models/db.py: 0
[2020-09-01 23:01:38] EDIT Fresh/views/basic/register_person.html: 0
[2020-09-01 23:04:56] EDIT Fresh/controllers/basic.py: -3
[2020-09-01 23:24:57] EDIT Fresh/controllers/basic.py: -41
[2020-09-02 11:49:45] EDIT Fresh/controllers/Products.py: 1
[2020-09-02 11:51:40] CREATE Products/product_list.html: 0
[2020-09-02 11:54:42] EDIT Fresh/controllers/Products.py: -4
[2020-09-02 11:55:47] EDIT Fresh/controllers/Products.py: 0
[2020-09-02 12:01:55] EDIT Fresh/models/menu.py: -1
[2020-09-02 12:02:36] EDIT Fresh/models/menu.py: -1
[2020-09-02 12:10:17] EDIT Fresh/controllers/Products.py: 1
[2020-09-02 12:10:45] EDIT Fresh/controllers/Products.py: 0
[2020-09-02 20:47:36] EDIT Fresh/models/db.py: -7
[2020-09-02 20:50:05] EDIT Fresh/models/db.py: 0
[2020-09-02 20:54:02] EDIT Fresh/models/db.py: 1
[2020-09-02 20:55:50] EDIT Fresh/models/db.py: 0
[2020-09-02 20:57:01] EDIT Fresh/models/db.py: -1
[2020-09-02 21:00:58] EDIT Fresh/models/db.py: 0
[2020-09-02 21:04:11] EDIT Fresh/models/db.py: 0
[2020-09-02 21:42:19] EDIT Fresh/controllers/Products.py: -8
[2020-09-02 21:44:47] CREATE Account/main.html: 0
[2020-09-02 21:58:26] EDIT Fresh/controllers/Account.py: -4
[2020-09-02 22:00:03] EDIT Fresh/controllers/Account.py: 0
[2020-09-02 22:01:28] EDIT Fresh/controllers/Account.py: 0
[2020-09-02 22:02:18] EDIT Fresh/controllers/Account.py: -1
[2020-09-02 22:04:27] EDIT Fresh/views/Account/main.html: 0
[2020-09-02 22:06:26] EDIT Fresh/controllers/Account.py: 2
[2020-09-02 22:07:12] EDIT Fresh/views/Account/main.html: 1
[2020-09-02 22:07:46] EDIT Fresh/views/Account/main.html: -1
[2020-09-02 22:08:52] EDIT Fresh/controllers/Account.py: 0
[2020-09-02 22:15:44] EDIT Fresh/views/Account/main.html: 2
[2020-09-02 22:15:50] EDIT Fresh/views/Account/main.html: 0
[2020-09-02 22:16:16] EDIT Fresh/views/Account/main.html: 0
[2020-09-02 22:16:26] EDIT Fresh/views/Account/main.html: 0
[2020-09-02 22:19:32] EDIT Fresh/controllers/Account.py: 0
[2020-09-02 22:20:10] EDIT Fresh/views/Account/main.html: -2
[2020-09-02 22:24:51] EDIT Fresh/controllers/Account.py: -5
[2020-09-02 22:25:36] EDIT Fresh/controllers/Account.py: -1
[2020-09-02 22:26:36] EDIT Fresh/views/Account/main.html: 0
[2020-09-02 22:27:09] EDIT Fresh/controllers/Account.py: 0
[2020-09-02 22:28:58] EDIT Fresh/controllers/Account.py: 0
[2020-09-02 22:30:08] EDIT Fresh/controllers/Account.py: 0
[2020-09-02 22:30:37] EDIT Fresh/controllers/Account.py: 0
[2020-09-02 22:40:36] EDIT Fresh/models/db.py: 1
[2020-09-02 22:51:19] EDIT Fresh/controllers/Account.py: 4
[2020-09-02 23:00:58] EDIT Fresh/controllers/Account.py: 0
[2020-09-02 23:01:15] EDIT Fresh/views/Account/main.html: 0
[2020-09-02 23:06:19] EDIT Fresh/controllers/Account.py: 4
[2020-09-02 23:06:57] CREATE Account/edit.html: 0
[2020-09-02 23:08:19] EDIT Fresh/views/Account/edit.html: 0
[2020-09-02 23:09:47] EDIT Fresh/models/menu.py: 0
[2020-09-02 23:28:54] EDIT Fresh/controllers/Account.py: 0
[2020-09-02 23:30:11] EDIT Fresh/controllers/Account.py: 3
[2020-09-02 23:33:07] EDIT Fresh/controllers/Account.py: 0
[2020-09-02 23:33:17] EDIT Fresh/views/Account/main.html: 0
[2020-09-02 23:35:51] EDIT Fresh/controllers/Products.py: 1
[2020-09-02 23:36:09] EDIT Fresh/controllers/Products.py: 0
[2020-09-02 23:36:14] EDIT Fresh/controllers/Products.py: 0
[2020-09-02 23:37:03] EDIT Fresh/controllers/Products.py: 0
[2020-09-02 23:37:42] EDIT Fresh/controllers/Products.py: -2
[2020-09-02 23:43:48] EDIT Fresh/controllers/Account.py: 9
[2020-09-02 23:44:27] EDIT Fresh/views/Account/main.html: 0
[2020-09-02 23:56:39] EDIT Fresh/controllers/Account.py: 0
[2020-09-03 00:02:43] EDIT Fresh/controllers/Account.py: -1
[2020-09-03 00:03:31] EDIT Fresh/controllers/Account.py: 0
[2020-09-03 00:03:37] EDIT Fresh/views/Account/main.html: 0
[2020-09-03 00:04:58] EDIT Fresh/controllers/Account.py: -7
[2020-09-03 00:05:34] EDIT Fresh/views/Account/main.html: 0
[2020-09-03 00:35:13] EDIT Fresh/controllers/Account.py: 1
[2020-09-03 00:35:58] EDIT Fresh/controllers/Account.py: 1
[2020-09-03 00:36:17] EDIT Fresh/views/Account/main.html: 0
[2020-09-03 00:36:48] EDIT Fresh/controllers/Account.py: -1
[2020-09-03 09:50:47] EDIT Fresh/views/Account/main.html: 2
[2020-09-03 09:51:11] EDIT Fresh/views/Account/main.html: 0
[2020-09-03 09:52:30] EDIT Fresh/models/menu.py: 0
[2020-09-03 09:53:12] EDIT Fresh/controllers/Account.py: -3
[2020-09-03 09:54:12] EDIT Fresh/views/Account/main.html: 0
[2020-09-03 09:55:07] EDIT Fresh/views/Account/edit.html: 0
[2020-09-03 10:09:32] EDIT Fresh/views/Account/main.html: 56
[2020-09-03 10:11:38] EDIT Fresh/views/Account/main.html: 1
[2020-09-03 10:12:00] EDIT Fresh/views/Account/main.html: 0
[2020-09-03 10:12:14] EDIT Fresh/views/Account/main.html: -3
[2020-09-03 10:12:57] EDIT Fresh/views/Account/main.html: 0
[2020-09-03 10:15:02] EDIT Fresh/models/db.py: 0
[2020-09-03 10:18:00] EDIT Fresh/views/Account/edit.html: 2
[2020-09-03 11:05:16] EDIT Fresh/views/Account/main.html: 144
[2020-09-03 11:08:43] EDIT Fresh/views/Account/main.html: -15
[2020-09-03 11:18:13] EDIT Fresh/views/Account/main.html: -2
[2020-09-03 11:19:26] EDIT Fresh/views/Account/main.html: 2
[2020-09-03 11:19:54] EDIT Fresh/views/Account/main.html: 0
[2020-09-03 11:20:28] EDIT Fresh/views/Account/main.html: 0
[2020-09-03 11:21:06] EDIT Fresh/views/Account/main.html: 0
[2020-09-03 11:22:47] EDIT Fresh/views/Account/main.html: 0
[2020-09-03 11:23:18] EDIT Fresh/views/Account/main.html: 0
[2020-09-03 11:24:42] EDIT Fresh/views/Account/main.html: 0
[2020-09-03 11:25:18] EDIT Fresh/views/Account/main.html: 0
[2020-09-03 11:26:34] EDIT Fresh/views/Account/edit.html: 0
[2020-09-03 11:27:09] EDIT Fresh/views/Account/edit.html: 0
[2020-09-03 11:29:06] EDIT Fresh/controllers/Account.py: 1
[2020-09-03 11:40:11] EDIT Fresh/views/Account/main.html: -11
[2020-09-03 11:43:57] EDIT Fresh/views/Account/main.html: 8
[2020-09-03 11:44:54] EDIT Fresh/views/Account/main.html: -5
[2020-09-03 11:47:04] EDIT Fresh/views/Account/main.html: -8
[2020-09-03 11:54:11] EDIT Fresh/models/menu.py: 0
[2020-09-03 11:54:28] EDIT Fresh/models/menu.py: 0
[2020-09-03 12:10:05] EDIT Fresh/controllers/Account.py: -1
[2020-09-03 12:12:30] EDIT Fresh/controllers/Account.py: 0
[2020-09-03 12:22:06] EDIT Fresh/controllers/Account.py: 0
[2020-09-03 12:22:55] EDIT Fresh/controllers/Account.py: 0
[2020-09-03 12:23:26] EDIT Fresh/controllers/Account.py: 0
[2020-09-03 12:23:38] EDIT Fresh/controllers/Account.py: 0
[2020-09-03 12:23:58] EDIT Fresh/controllers/Account.py: 0
[2020-09-03 12:33:27] EDIT Fresh/controllers/Account.py: 0
[2020-09-03 12:40:02] EDIT Fresh/controllers/Account.py: 0
[2020-09-03 12:45:07] EDIT Fresh/controllers/Account.py: 14
[2020-09-03 12:46:54] EDIT Fresh/views/Account/main.html: 0
[2020-09-03 13:03:29] EDIT Fresh/controllers/Account.py: 0
[2020-09-03 13:35:03] EDIT Fresh/controllers/Account.py: 0
[2020-09-03 13:35:18] EDIT Fresh/controllers/Account.py: 0
[2020-09-03 13:38:07] EDIT Fresh/controllers/Account.py: 0
[2020-09-03 13:39:24] EDIT Fresh/controllers/Account.py: 0
[2020-09-03 13:49:58] EDIT Fresh/controllers/Account.py: 0
[2020-09-03 13:59:39] EDIT Fresh/controllers/Account.py: 0
[2020-09-03 14:01:11] EDIT Fresh/views/Account/main.html: 0
[2020-09-03 14:01:20] EDIT Fresh/controllers/Account.py: 2
[2020-09-03 14:02:47] EDIT Fresh/controllers/Account.py: 0
[2020-09-03 14:02:51] EDIT Fresh/views/Account/main.html: 0
[2020-09-03 14:04:12] EDIT Fresh/views/Account/main.html: 1
[2020-09-03 14:05:23] EDIT Fresh/controllers/Account.py: 0
[2020-09-03 14:47:57] EDIT Fresh/views/Account/main.html: -1
[2020-09-03 15:25:29] EDIT Fresh/views/Account/main.html: 0
[2020-09-03 15:29:14] EDIT Fresh/views/Account/main.html: 0
[2020-09-03 15:31:12] EDIT Fresh/views/Account/edit.html: 0
[2020-09-03 15:32:11] EDIT Fresh/views/Account/edit.html: 0
[2020-09-03 15:32:34] EDIT Fresh/views/Account/edit.html: 0
[2020-09-03 15:33:28] EDIT Fresh/controllers/Account.py: -14
[2020-09-03 15:34:06] EDIT Fresh/controllers/Account.py: -1
[2020-09-03 15:37:40] DELETE Fresh/views/Products/request.html: -3
[2020-09-03 15:38:54] DELETE Fresh/views/basic/register_person.html: -5
[2020-09-03 16:21:46] EDIT Fresh/controllers/Account.py: -1
[2020-09-03 16:22:10] EDIT Fresh/controllers/Account.py: 1
[2020-09-03 16:23:53] EDIT Fresh/controllers/Account.py: 0
[2020-09-03 16:24:45] EDIT Fresh/controllers/Account.py: -1
[2020-09-03 16:36:27] EDIT Fresh/controllers/Products.py: -36
[2020-09-03 16:37:40] EDIT Fresh/views/Products/product_list.html: 175
[2020-09-03 16:38:08] EDIT Fresh/views/Products/product_list.html: 0
[2020-09-03 16:39:24] EDIT Fresh/views/Products/product_list.html: 0
[2020-09-03 16:41:05] EDIT Fresh/views/Products/product_list.html: -173
[2020-09-03 16:41:29] EDIT Fresh/views/Products/product_list.html: 0
[2020-09-03 16:52:51] EDIT Fresh/controllers/Products.py: 0
[2020-09-03 16:53:00] EDIT Fresh/views/Products/product_list.html: 0
[2020-09-03 18:04:09] CREATE gui.html: 0
[2020-09-03 18:05:03] DELETE Fresh/views/gui.html: -3
[2020-09-03 18:05:38] EDIT Fresh/controllers/basic.py: 3
[2020-09-03 18:05:54] CREATE basic/home1.html: 0
[2020-09-03 18:07:26] EDIT Fresh/views/basic/home1.html: 188
[2020-09-03 18:09:33] EDIT Fresh/views/basic/home1.html: 0
[2020-09-03 18:09:56] EDIT Fresh/views/basic/home1.html: -8
[2020-09-03 21:13:30] EDIT Fresh/views/Products/product_list.html: 50
[2020-09-03 21:14:16] EDIT Fresh/views/Products/product_list.html: -3
[2020-09-03 21:23:47] EDIT Fresh/views/basic/home1.html: 3
[2020-09-03 21:25:40] EDIT Fresh/views/Products/product_list.html: 3
[2020-09-03 21:27:12] EDIT Fresh/views/Products/product_list.html: 0
[2020-09-03 21:29:41] EDIT Fresh/views/Products/product_list.html: 1
[2020-09-03 21:30:24] EDIT Fresh/controllers/Products.py: 0
[2020-09-03 21:30:50] EDIT Fresh/views/Products/product_list.html: 0
[2020-09-03 21:34:09] EDIT Fresh/views/Products/product_list.html: -1
[2020-09-03 21:34:29] EDIT Fresh/views/Products/product_list.html: 0
[2020-09-03 21:37:54] EDIT Fresh/views/Products/product_list.html: -4
[2020-09-03 21:42:03] EDIT Fresh/views/Products/product_list.html: -49
[2020-09-03 21:48:37] EDIT Fresh/views/Products/product_list.html: 167
[2020-09-03 21:50:47] EDIT Fresh/controllers/Products.py: 0
[2020-09-03 21:52:05] EDIT Fresh/views/Products/product_list.html: 0
[2020-09-03 21:55:18] EDIT Fresh/views/Products/product_list.html: 0
[2020-09-03 21:56:05] EDIT Fresh/views/Products/product_list.html: 0
[2020-09-03 21:58:13] EDIT Fresh/views/Products/product_list.html: 3
[2020-09-03 21:59:20] EDIT Fresh/views/Products/product_list.html: 3
[2020-09-03 22:00:23] EDIT Fresh/views/Products/product_list.html: -6
[2020-09-03 22:01:26] EDIT Fresh/views/Products/product_list.html: 0
[2020-09-03 22:14:48] EDIT Fresh/views/Products/product_list.html: -109
[2020-09-03 22:15:10] EDIT Fresh/views/Products/product_list.html: 0
[2020-09-03 22:17:20] EDIT Fresh/views/Products/product_list.html: -3
[2020-09-03 22:19:14] EDIT Fresh/views/Products/product_list.html: 0
[2020-09-03 22:21:35] EDIT Fresh/views/Products/product_list.html: 3
[2020-09-03 22:22:47] EDIT Fresh/views/Products/product_list.html: 0
[2020-09-03 22:31:49] EDIT Fresh/views/Products/product_list.html: -3
[2020-09-03 22:35:22] EDIT Fresh/views/Products/product_list.html: 0
[2020-09-03 22:35:39] EDIT Fresh/views/Products/product_list.html: 0
[2020-09-03 22:36:09] EDIT Fresh/views/Products/product_list.html: 0
[2020-09-03 22:36:32] EDIT Fresh/views/Products/product_list.html: 0
[2020-09-03 22:37:06] EDIT Fresh/views/Products/product_list.html: 0
[2020-09-03 22:37:21] EDIT Fresh/views/Products/product_list.html: 0
[2020-09-03 22:37:36] EDIT Fresh/views/Products/product_list.html: 0
[2020-09-03 22:37:58] EDIT Fresh/views/Products/product_list.html: 0
[2020-09-03 22:38:36] EDIT Fresh/views/Products/product_list.html: 0
[2020-09-03 22:40:17] EDIT Fresh/views/Products/product_list.html: 0
[2020-09-03 22:40:49] EDIT Fresh/views/Products/product_list.html: 0
[2020-09-03 22:42:20] EDIT Fresh/views/Products/product_list.html: 0
[2020-09-03 22:43:02] EDIT Fresh/views/Products/product_list.html: 0
[2020-09-03 22:48:27] EDIT Fresh/views/Account/main.html: 0
[2020-09-03 22:49:01] EDIT Fresh/views/Products/product_list.html: 0
[2020-09-03 22:49:44] EDIT Fresh/views/Products/product_list.html: 0
[2020-09-03 22:50:30] EDIT Fresh/views/Products/product_list.html: 0
[2020-09-03 22:52:37] EDIT Fresh/views/Products/product_list.html: 0
[2020-09-03 22:53:09] EDIT Fresh/views/Products/product_list.html: 0
[2020-09-03 22:54:35] EDIT Fresh/views/Products/product_list.html: 3
[2020-09-03 22:54:57] EDIT Fresh/views/Products/product_list.html: 0
[2020-09-03 22:56:55] EDIT Fresh/views/Products/product_list.html: 0
[2020-09-03 23:04:55] EDIT Fresh/views/Products/product_list.html: 0
[2020-09-03 23:05:56] EDIT Fresh/views/Products/product_list.html: -1
[2020-09-03 23:06:36] EDIT Fresh/views/Products/product_list.html: 0
[2020-09-03 23:07:08] EDIT Fresh/views/Products/product_list.html: 0
[2020-09-03 23:08:00] EDIT Fresh/views/Products/product_list.html: -1
[2020-09-03 23:09:43] EDIT Fresh/views/Products/product_list.html: 1
[2020-09-03 23:10:28] EDIT Fresh/views/Products/product_list.html: 0
[2020-09-03 23:10:56] EDIT Fresh/views/Products/product_list.html: 0
[2020-09-03 23:11:29] EDIT Fresh/views/Products/product_list.html: 0
[2020-09-06 18:48:40] EDIT Fresh/views/basic/home.html: -1
[2020-09-06 18:49:01] EDIT Fresh/views/basic/home.html: 0
[2020-09-06 19:14:07] EDIT Fresh/views/Products/product_list.html: 0
[2020-09-06 19:14:51] EDIT Fresh/views/Products/product_list.html: 0
[2020-09-06 19:15:05] EDIT Fresh/views/Products/product_list.html: 0
[2020-09-06 19:15:36] EDIT Fresh/views/Products/product_list.html: 0
[2020-09-06 19:24:35] CREATE Products/post.html: 0
[2020-09-06 19:24:50] EDIT Fresh/controllers/Products.py: 4
[2020-09-06 19:25:26] EDIT Fresh/views/Products/post.html: 0
[2020-09-06 19:27:30] EDIT Fresh/controllers/Products.py: 0
[2020-09-06 19:28:29] EDIT Fresh/models/db.py: 0
[2020-09-06 19:29:34] EDIT Fresh/controllers/Products.py: 0
[2020-09-06 19:31:20] EDIT Fresh/views/Products/product_list.html: 0
[2020-09-06 19:32:22] EDIT Fresh/views/Products/product_list.html: 0
[2020-09-06 19:47:28] EDIT Fresh/controllers/Products.py: 4
[2020-09-06 19:47:49] EDIT Fresh/controllers/Products.py: 0
[2020-09-06 19:48:13] EDIT Fresh/controllers/Products.py: 0
[2020-09-06 19:57:13] EDIT Fresh/views/Products/product_list.html: 4
[2020-09-06 19:58:13] EDIT Fresh/views/Products/product_list.html: 0
[2020-09-06 20:05:44] EDIT Fresh/views/Products/product_list.html: 6
[2020-09-06 20:06:42] EDIT Fresh/views/Products/product_list.html: -6
[2020-09-06 20:07:47] EDIT Fresh/views/Products/product_list.html: 3
[2020-09-06 20:08:26] EDIT Fresh/views/Products/product_list.html: -2
[2020-09-06 20:14:05] EDIT Fresh/views/Products/product_list.html: 1
[2020-09-06 20:14:48] EDIT Fresh/views/Products/product_list.html: 0
[2020-09-06 20:30:10] EDIT Fresh/views/Products/product_list.html: 3
[2020-09-06 21:17:26] EDIT Fresh/views/Products/product_list.html: 2
[2020-09-06 21:18:06] EDIT Fresh/views/Products/product_list.html: -1
[2020-09-06 21:19:16] EDIT Fresh/views/Products/product_list.html: -1
[2020-09-06 21:39:36] EDIT Fresh/views/Products/product_list.html: 1
[2020-09-06 21:42:21] EDIT Fresh/views/Products/product_list.html: -67
[2020-09-06 21:54:47] EDIT Fresh/controllers/Products.py: 15
[2020-09-06 21:55:41] CREATE Products/update.html: 0
[2020-09-06 21:57:44] EDIT Fresh/views/Products/update.html: 0
[2020-09-06 22:00:32] EDIT Fresh/views/Products/update.html: 3
[2020-09-06 22:01:27] EDIT Fresh/views/Products/update.html: -4
[2020-09-06 22:02:14] EDIT Fresh/views/Products/update.html: 0
[2020-09-06 22:14:38] EDIT Fresh/views/Products/update.html: 4
[2020-09-06 22:15:02] EDIT Fresh/views/Products/update.html: 0
[2020-09-06 22:19:52] EDIT Fresh/controllers/Products.py: -1
[2020-09-06 22:25:15] EDIT Fresh/views/Products/product_list.html: 66
[2020-09-06 22:25:48] EDIT Fresh/views/Products/product_list.html: 0
[2020-09-06 22:27:15] EDIT Fresh/views/Products/product_list.html: 0
[2020-09-07 01:02:46] CREATE Products/myposts.html: 0
[2020-09-07 01:03:45] EDIT Fresh/views/Products/myposts.html: 0
[2020-09-07 01:04:00] EDIT Fresh/controllers/Products.py: 5
[2020-09-07 01:05:05] EDIT Fresh/controllers/Products.py: 0
[2020-09-07 01:06:19] EDIT Fresh/controllers/Products.py: 0
[2020-09-07 01:07:43] EDIT Fresh/controllers/Products.py: 0
[2020-09-07 01:07:51] EDIT Fresh/controllers/Account.py: 0
[2020-09-07 01:07:53] EDIT Fresh/views/Products/product_list.html: 0
[2020-09-07 01:09:31] EDIT Fresh/views/Products/update.html: -4
[2020-09-07 01:10:47] EDIT Fresh/controllers/Products.py: 0
[2020-09-07 01:26:10] EDIT Fresh/views/Products/myposts.html: 31
[2020-09-07 01:27:29] EDIT Fresh/views/Products/myposts.html: 0
[2020-09-07 01:31:14] EDIT Fresh/views/Products/myposts.html: 0
[2020-09-07 01:41:06] EDIT Fresh/views/Products/product_list.html: 31
[2020-09-07 01:42:05] EDIT Fresh/views/Products/product_list.html: -67
[2020-09-07 01:45:30] EDIT Fresh/views/Products/product_list.html: 1
[2020-09-07 01:46:19] EDIT Fresh/views/Products/product_list.html: 0
[2020-09-07 01:47:13] EDIT Fresh/views/Products/product_list.html: 0
[2020-09-07 01:48:37] EDIT Fresh/views/Products/product_list.html: -1
[2020-09-07 01:49:23] EDIT Fresh/views/Products/product_list.html: 0
[2020-09-07 01:49:48] EDIT Fresh/views/Products/product_list.html: 1
[2020-09-07 01:51:03] EDIT Fresh/views/Products/product_list.html: -1
[2020-09-07 01:53:22] EDIT Fresh/views/Products/product_list.html: 0
[2020-09-07 01:54:42] EDIT Fresh/views/Products/product_list.html: 0
[2020-09-07 01:55:23] EDIT Fresh/views/Products/product_list.html: 0
[2020-09-07 01:56:10] EDIT Fresh/views/Products/product_list.html: 0
[2020-09-07 01:57:32] EDIT Fresh/views/Products/product_list.html: 0
[2020-09-07 01:58:39] EDIT Fresh/views/Products/product_list.html: 0
[2020-09-07 02:00:02] EDIT Fresh/views/Products/myposts.html: 0
[2020-09-07 02:06:33] EDIT Fresh/controllers/Products.py: 9
[2020-09-07 02:06:44] EDIT Fresh/controllers/Products.py: -9
[2020-09-07 02:09:05] EDIT Fresh/controllers/Products.py: 0
[2020-09-07 02:10:25] EDIT Fresh/controllers/Products.py: 0
[2020-09-07 02:15:43] EDIT Fresh/controllers/Products.py: 0
[2020-09-07 02:17:38] EDIT Fresh/views/Products/update.html: 9
[2020-09-07 02:23:50] EDIT Fresh/views/Products/update.html: 0
[2020-09-07 02:27:48] EDIT Fresh/controllers/Products.py: 0
[2020-09-07 02:28:40] EDIT Fresh/controllers/Products.py: 0
[2020-09-07 02:31:01] EDIT Fresh/views/Products/update.html: 0
[2020-09-07 02:31:23] EDIT Fresh/views/Products/update.html: -1
[2020-09-07 02:46:12] EDIT Fresh/controllers/Products.py: 8
[2020-09-07 02:52:33] EDIT Fresh/views/Products/myposts.html: 0
[2020-09-07 02:52:52] EDIT Fresh/views/Products/myposts.html: 0
[2020-09-07 02:53:29] EDIT Fresh/views/Products/myposts.html: 0
[2020-09-07 11:15:50] CREATE Products/order.html: 0
[2020-09-07 11:18:02] EDIT Fresh/views/Products/order.html: 13
[2020-09-07 11:18:20] EDIT Fresh/controllers/Products.py: 16
[2020-09-07 11:21:02] EDIT Fresh/controllers/Products.py: 0
[2020-09-07 11:22:50] EDIT Fresh/controllers/Products.py: 0
[2020-09-07 11:26:09] EDIT Fresh/controllers/Products.py: -2
[2020-09-07 11:27:09] EDIT Fresh/views/Products/order.html: -12
[2020-09-07 11:29:14] EDIT Fresh/controllers/Products.py: 1
[2020-09-07 11:32:24] EDIT Fresh/models/db.py: 7
[2020-09-07 11:33:59] EDIT Fresh/controllers/Products.py: 1
[2020-09-07 11:38:13] EDIT Fresh/views/Products/product_list.html: 0
[2020-09-07 11:39:51] EDIT Fresh/controllers/Products.py: 0
[2020-09-07 11:40:16] EDIT Fresh/views/Products/product_list.html: 0
[2020-09-07 11:46:30] EDIT Fresh/views/Products/order.html: 12
[2020-09-07 11:52:10] EDIT Fresh/models/db.py: 1
[2020-09-07 11:52:27] EDIT Fresh/controllers/Products.py: 0
[2020-09-07 11:56:25] EDIT Fresh/controllers/Products.py: -8
[2020-09-07 11:58:30] EDIT Fresh/models/db.py: 0
[2020-09-07 11:58:54] EDIT Fresh/controllers/Products.py: 0
[2020-09-07 12:06:32] EDIT Fresh/models/db.py: -1
[2020-09-07 12:09:47] EDIT Fresh/controllers/Products.py: 0
[2020-09-07 12:10:31] EDIT Fresh/controllers/Products.py: 0
[2020-09-07 12:25:52] EDIT Fresh/controllers/Products.py: 0
[2020-09-07 12:26:34] EDIT Fresh/controllers/Products.py: 0
[2020-09-07 12:26:37] EDIT Fresh/views/Products/order.html: 0
[2020-09-07 12:28:05] EDIT Fresh/controllers/Products.py: 0
[2020-09-07 12:29:30] EDIT Fresh/controllers/Products.py: 0
[2020-09-07 12:30:06] EDIT Fresh/controllers/Products.py: 0
[2020-09-07 12:36:13] EDIT Fresh/controllers/Products.py: 0
[2020-09-07 12:37:58] EDIT Fresh/controllers/Products.py: -1
[2020-09-07 12:39:20] EDIT Fresh/controllers/Products.py: 0
[2020-09-07 12:45:53] EDIT Fresh/controllers/Products.py: 0
[2020-09-07 12:48:35] EDIT Fresh/controllers/Products.py: 0
[2020-09-07 13:09:29] EDIT Fresh/controllers/Products.py: 1
[2020-09-07 13:37:02] EDIT Fresh/views/layout.html: 4
[2020-09-07 13:37:45] EDIT Fresh/views/layout.html: -1
[2020-09-07 13:38:20] EDIT Fresh/views/layout.html: -3
[2020-09-07 14:23:26] CREATE promotion.py: 0
[2020-09-07 14:29:12] CREATE promotion/show_list.html: 0
[2020-09-07 14:29:53] EDIT Fresh/views/promotion/show_list.html: 0
[2020-09-07 14:30:09] EDIT Fresh/controllers/promotion.py: 4
[2020-09-07 14:31:25] EDIT Fresh/controllers/promotion.py: 0
[2020-09-07 14:56:42] EDIT Fresh/controllers/promotion.py: 11
[2020-09-07 15:06:13] EDIT Fresh/controllers/promotion.py: 0
[2020-09-07 15:07:15] EDIT Fresh/controllers/promotion.py: 0
[2020-09-07 15:11:06] EDIT Fresh/controllers/promotion.py: 0
[2020-09-07 15:16:57] EDIT Fresh/controllers/promotion.py: 0
[2020-09-07 15:25:17] EDIT Fresh/controllers/promotion.py: 3
[2020-09-07 15:25:45] EDIT Fresh/controllers/promotion.py: 0
[2020-09-07 15:26:11] EDIT Fresh/views/promotion/show_list.html: 0
[2020-09-07 15:33:02] EDIT Fresh/controllers/promotion.py: 0
[2020-09-07 15:40:06] EDIT Fresh/controllers/promotion.py: -1
[2020-09-07 16:17:39] EDIT Fresh/controllers/Account.py: 0
[2020-09-07 16:17:58] EDIT Fresh/controllers/Account.py: 0
[2020-09-07 16:19:34] EDIT Fresh/controllers/Account.py: 0
[2020-09-07 16:19:46] EDIT Fresh/controllers/Account.py: 0
[2020-09-07 16:21:57] EDIT Fresh/controllers/Account.py: 0
[2020-09-07 16:30:56] EDIT Fresh/controllers/Products.py: 0
[2020-09-07 16:32:32] EDIT Fresh/controllers/Products.py: 0
[2020-09-07 16:45:21] EDIT Fresh/views/Products/myposts.html: 0
[2020-09-07 16:48:31] EDIT Fresh/views/Products/myposts.html: -6
[2020-09-07 16:50:48] EDIT Fresh/views/Products/myposts.html: 0
[2020-09-07 16:51:27] EDIT Fresh/views/Products/myposts.html: -3
[2020-09-07 16:55:25] EDIT Fresh/controllers/Products.py: 1
[2020-09-07 17:01:19] EDIT Fresh/controllers/Products.py: -7
[2020-09-07 19:26:28] EDIT Fresh/models/db.py: 0
[2020-09-07 19:26:37] EDIT Fresh/views/Products/product_list.html: 0
[2020-09-07 19:45:45] EDIT Fresh/views/Products/product_list.html: 0
[2020-09-07 19:47:22] EDIT Fresh/views/Products/myposts.html: 0
[2020-09-07 19:47:54] EDIT Fresh/views/Products/myposts.html: 0
[2020-09-07 21:20:34] EDIT Fresh/views/default/index.html: -21
[2020-09-07 21:24:45] EDIT Fresh/views/default/index.html: 0
[2020-09-08 07:30:35] CREATE hyyf.html: 0
[2020-09-08 07:30:49] EDIT Fresh/views/hyyf.html: 1
[2020-09-08 10:59:06] EDIT Fresh/controllers/Account.py: 0
[2020-09-08 11:01:02] EDIT Fresh/controllers/Account.py: 0
[2020-09-08 11:03:20] EDIT Fresh/controllers/Account.py: 0
[2020-09-08 11:43:35] EDIT Fresh/controllers/Products.py: 1
[2020-09-08 11:44:01] EDIT Fresh/controllers/Products.py: 0
[2020-09-08 11:44:41] EDIT Fresh/controllers/Products.py: 0
[2020-09-08 11:46:16] EDIT Fresh/controllers/Products.py: 0
[2020-09-08 11:46:35] EDIT Fresh/controllers/Products.py: -5
[2020-09-08 11:48:17] EDIT Fresh/controllers/Products.py: 5
[2020-09-08 11:48:43] EDIT Fresh/controllers/Products.py: -4
[2020-09-08 12:00:14] EDIT Fresh/controllers/Products.py: 3
[2020-09-08 12:01:21] EDIT Fresh/controllers/Products.py: 0
[2020-09-08 12:02:11] EDIT Fresh/controllers/Products.py: -1
[2020-09-08 12:02:50] EDIT Fresh/controllers/Products.py: 0
[2020-09-08 12:03:49] EDIT Fresh/controllers/Products.py: 1
[2020-09-08 12:04:22] EDIT Fresh/controllers/Products.py: -1
[2020-09-08 12:04:42] EDIT Fresh/controllers/Products.py: 0
[2020-09-08 12:06:04] EDIT Fresh/controllers/Products.py: 2
[2020-09-08 12:07:13] EDIT Fresh/controllers/Products.py: -1
[2020-09-08 12:08:28] EDIT Fresh/controllers/Products.py: -3
[2020-09-08 12:10:10] EDIT Fresh/controllers/Products.py: 0
[2020-09-08 12:12:50] EDIT Fresh/controllers/basic.py: -3
[2020-09-08 12:13:12] EDIT Fresh/controllers/basic.py: 0
[2020-09-08 12:15:12] EDIT Fresh/controllers/Account.py: -5
[2020-09-08 12:27:12] EDIT Fresh/controllers/Account.py: 1
[2020-09-08 12:27:31] EDIT Fresh/controllers/Products.py: 0
[2020-09-08 12:28:58] EDIT Fresh/controllers/Account.py: 0
[2020-09-08 12:31:15] EDIT Fresh/controllers/Account.py: 1
[2020-09-08 12:32:30] EDIT Fresh/controllers/Account.py: 0
[2020-09-08 12:32:52] EDIT Fresh/controllers/Account.py: 0
[2020-09-08 13:04:59] EDIT Fresh/views/promotion/show_list.html: 0
[2020-09-08 13:05:08] EDIT Fresh/controllers/promotion.py: -2
[2020-09-08 13:11:15] EDIT Fresh/views/promotion/show_list.html: 0
[2020-09-08 13:11:41] EDIT Fresh/controllers/promotion.py: 5
[2020-09-08 13:12:22] EDIT Fresh/controllers/promotion.py: 0
[2020-09-08 13:15:07] EDIT Fresh/controllers/promotion.py: 0
[2020-09-08 13:16:11] EDIT Fresh/controllers/promotion.py: 0
[2020-09-08 13:16:24] EDIT Fresh/controllers/promotion.py: 0
[2020-09-08 13:20:15] EDIT Fresh/controllers/promotion.py: -3
[2020-09-08 13:21:01] EDIT Fresh/views/promotion/show_list.html: 2
[2020-09-08 13:21:04] EDIT Fresh/controllers/promotion.py: 0
[2020-09-08 13:22:03] EDIT Fresh/views/promotion/show_list.html: 0
[2020-09-08 13:23:55] EDIT Fresh/controllers/promotion.py: 1
[2020-09-08 13:24:18] EDIT Fresh/views/promotion/show_list.html: 1
[2020-09-08 13:25:13] EDIT Fresh/views/promotion/show_list.html: 4
[2020-09-08 13:26:04] EDIT Fresh/controllers/promotion.py: 0
[2020-09-08 13:29:40] EDIT Fresh/models/db.py: 4
[2020-09-08 14:02:07] EDIT Fresh/controllers/promotion.py: 5
[2020-09-08 14:02:17] EDIT Fresh/controllers/promotion.py: 0
[2020-09-08 14:02:49] EDIT Fresh/views/promotion/show_list.html: -5
[2020-09-08 14:26:05] EDIT Fresh/controllers/Products.py: 1
[2020-09-08 14:26:58] EDIT Fresh/controllers/Products.py: 0
[2020-09-08 14:46:12] EDIT Fresh/controllers/Products.py: 0
[2020-09-08 14:46:33] EDIT Fresh/controllers/Products.py: 0
[2020-09-08 14:48:26] EDIT Fresh/controllers/Products.py: -1
[2020-09-09 08:44:59] EDIT Fresh/models/db.py: 2
[2020-09-09 08:45:14] EDIT Fresh/models/db.py: 0
[2020-09-09 08:45:36] EDIT Fresh/models/db.py: 0
[2020-09-09 08:49:36] EDIT Fresh/views/Account/main.html: 0
[2020-09-09 09:01:07] EDIT Fresh/views/Account/main.html: 0
[2020-09-09 09:04:14] EDIT Fresh/views/Account/main.html: -170
[2020-09-09 09:04:55] EDIT Fresh/views/Account/main.html: 170
[2020-09-09 09:07:06] EDIT Fresh/models/db.py: -2
[2020-09-09 09:08:17] EDIT Fresh/models/db.py: 0
[2020-09-09 09:08:52] EDIT Fresh/models/db.py: 0
[2020-09-09 09:10:07] EDIT Fresh/models/db.py: 0
[2020-09-09 09:11:33] EDIT Fresh/models/db.py: 1
[2020-09-09 09:13:53] EDIT Fresh/models/db.py: -2
[2020-09-09 09:17:36] EDIT Fresh/views/Account/main.html: -7
[2020-09-09 09:22:08] EDIT Fresh/views/Account/main.html: 0
[2020-09-09 09:23:18] EDIT Fresh/views/Products/product_list.html: 0
[2020-09-09 09:24:02] EDIT Fresh/views/Products/product_list.html: 0
[2020-09-09 09:26:10] EDIT Fresh/views/Products/product_list.html: 0
[2020-09-09 09:26:49] EDIT Fresh/views/Products/product_list.html: 0
[2020-09-09 09:27:31] EDIT Fresh/views/Products/product_list.html: 0
[2020-09-09 09:46:13] EDIT Fresh/views/Products/product_list.html: 0
[2020-09-09 09:48:23] EDIT Fresh/controllers/promotion.py: -8
[2020-09-09 10:41:33] EDIT Fresh/views/promotion/show_list.html: 0
[2020-09-09 10:41:47] EDIT Fresh/models/db.py: 0
[2020-09-09 10:43:33] EDIT Fresh/controllers/promotion.py: 0
[2020-09-09 10:43:52] EDIT Fresh/controllers/promotion.py: 0
[2020-09-09 10:44:53] CREATE promotion/subscribe.html: 0
[2020-09-09 10:45:12] EDIT Fresh/views/promotion/subscribe.html: 2
[2020-09-09 10:46:11] CREATE config.py: 0
[2020-09-09 10:51:59] EDIT Fresh/controllers/config.py: 1
[2020-09-09 11:30:21] EDIT Fresh/controllers/promotion.py: 199
[2020-09-09 11:30:56] EDIT Fresh/controllers/promotion.py: 1
[2020-09-09 11:32:14] EDIT Fresh/controllers/promotion.py: -2
[2020-09-09 11:42:45] EDIT Fresh/controllers/promotion.py: -103
[2020-09-09 11:49:58] EDIT Fresh/controllers/promotion.py: -93
[2020-09-09 11:50:18] EDIT Fresh/controllers/promotion.py: 0
[2020-09-09 11:51:03] EDIT Fresh/controllers/promotion.py: 93
[2020-09-09 11:54:43] EDIT Fresh/controllers/promotion.py: 0
[2020-09-09 12:03:06] EDIT Fresh/controllers/promotion.py: 0
[2020-09-09 12:14:26] EDIT Fresh/controllers/promotion.py: 0
[2020-09-09 12:16:56] EDIT Fresh/controllers/promotion.py: 0
[2020-09-09 12:19:54] EDIT Fresh/controllers/promotion.py: 0
[2020-09-09 12:21:28] EDIT Fresh/controllers/promotion.py: 0
[2020-09-09 12:23:18] EDIT Fresh/controllers/promotion.py: -1
[2020-09-09 12:23:27] EDIT Fresh/controllers/promotion.py: 0
[2020-09-09 12:25:59] EDIT Fresh/controllers/promotion.py: 0
[2020-09-09 12:42:53] EDIT Fresh/models/db.py: -1
[2020-09-09 12:45:04] CREATE sdfsdf.html: 0
[2020-09-09 12:45:26] EDIT Fresh/views/promotion/subscribe.html: -2
[2020-09-09 12:46:05] EDIT Fresh/views/promotion/subscribe.html: 0
[2020-09-09 12:46:22] EDIT Fresh/views/promotion/subscribe.html: 0
[2020-09-09 12:46:45] EDIT Fresh/views/promotion/subscribe.html: 0
[2020-09-09 12:47:00] EDIT Fresh/views/promotion/subscribe.html: 0
[2020-09-09 12:47:19] EDIT Fresh/views/promotion/subscribe.html: 0
[2020-09-09 12:48:05] EDIT Fresh/views/promotion/subscribe.html: 0
[2020-09-09 12:48:36] EDIT Fresh/views/promotion/subscribe.html: 0
[2020-09-09 12:48:58] EDIT Fresh/views/promotion/subscribe.html: 0
[2020-09-09 12:49:27] EDIT Fresh/views/promotion/subscribe.html: 2
[2020-09-09 13:03:00] EDIT Fresh/controllers/promotion.py: -81
[2020-09-09 13:04:15] EDIT Fresh/controllers/promotion.py: -12
[2020-09-09 13:11:31] EDIT Fresh/controllers/promotion.py: 1
[2020-09-09 13:12:05] EDIT Fresh/controllers/promotion.py: 0
[2020-09-09 13:13:52] EDIT Fresh/controllers/promotion.py: -1
[2020-09-09 13:14:27] EDIT Fresh/controllers/promotion.py: 0
[2020-09-09 13:16:44] EDIT Fresh/controllers/promotion.py: 0
[2020-09-09 13:17:41] EDIT Fresh/controllers/promotion.py: 0
[2020-09-09 13:19:24] EDIT Fresh/controllers/promotion.py: 112
[2020-09-09 13:23:01] EDIT Fresh/controllers/promotion.py: -19
[2020-09-09 13:36:33] EDIT Fresh/controllers/promotion.py: -66
[2020-09-09 13:42:10] EDIT Fresh/controllers/Products.py: 13
[2020-09-09 13:42:18] EDIT Fresh/controllers/Products.py: 0
[2020-09-09 13:42:41] EDIT Fresh/controllers/Products.py: -1
[2020-09-09 13:53:36] EDIT Fresh/controllers/promotion.py: -27
[2020-09-09 13:55:57] EDIT Fresh/controllers/promotion.py: 1
[2020-09-09 13:56:06] EDIT Fresh/controllers/promotion.py: 0
[2020-09-09 13:56:33] EDIT Fresh/controllers/promotion.py: 0
[2020-09-09 14:14:06] EDIT Fresh/controllers/promotion.py: 66
[2020-09-09 14:27:27] EDIT Fresh/controllers/Products.py: 0
[2020-09-09 14:27:49] EDIT Fresh/views/Products/myposts.html: 0
[2020-09-09 14:29:05] EDIT Fresh/views/Products/myposts.html: 0
[2020-09-09 14:31:57] EDIT Fresh/views/Products/update.html: -8
[2020-09-09 14:35:32] EDIT Fresh/views/Account/main.html: 1
[2020-09-09 14:37:14] EDIT Fresh/controllers/Account.py: 3
[2020-09-09 14:37:53] EDIT Fresh/views/Account/main.html: -1
[2020-09-09 14:38:17] EDIT Fresh/controllers/Account.py: 0
[2020-09-09 14:39:36] EDIT Fresh/views/Account/main.html: 0
[2020-09-09 14:39:39] EDIT Fresh/controllers/Account.py: 0
[2020-09-09 14:42:45] CREATE Account/update.html: 0
[2020-09-09 14:43:13] EDIT Fresh/views/Account/update.html: 0
[2020-09-09 14:48:57] EDIT Fresh/controllers/Account.py: 0
[2020-09-09 14:54:28] EDIT Fresh/views/Products/myposts.html: 0
[2020-09-09 14:56:09] EDIT Fresh/views/Account/main.html: 0
[2020-09-09 15:00:35] EDIT Fresh/views/Account/main.html: 0
[2020-09-09 15:01:23] EDIT Fresh/controllers/Account.py: 0
[2020-09-09 15:03:07] EDIT Fresh/controllers/Account.py: 0
[2020-09-09 15:05:00] EDIT Fresh/views/Account/main.html: 0
[2020-09-09 15:20:17] EDIT Fresh/controllers/promotion.py: 0
[2020-09-09 15:20:59] DELETE Fresh/views/promotion/show_list.html: -5
[2020-09-09 15:22:33] EDIT Fresh/controllers/promotion.py: 0
[2020-09-09 15:26:06] EDIT Fresh/controllers/Account.py: 4
[2020-09-09 15:28:10] EDIT Fresh/controllers/Account.py: 1
[2020-09-09 15:28:29] EDIT Fresh/controllers/Account.py: 0
[2020-09-09 15:30:55] EDIT Fresh/controllers/Account.py: 0
[2020-09-09 15:31:24] EDIT Fresh/controllers/Account.py: 0
[2020-09-09 15:33:54] EDIT Fresh/controllers/Account.py: 0
[2020-09-09 15:34:50] EDIT Fresh/controllers/Account.py: 1
[2020-09-09 15:35:47] EDIT Fresh/controllers/Account.py: 0
[2020-09-09 15:41:00] EDIT Fresh/controllers/Account.py: 0
[2020-09-09 16:10:46] EDIT Fresh/controllers/Products.py: 1
[2020-09-09 16:11:15] EDIT Fresh/controllers/Products.py: -15
[2020-09-09 16:14:42] EDIT Fresh/models/db.py: -7
[2020-09-09 16:17:39] EDIT Fresh/controllers/Products.py: 0
[2020-09-09 16:28:27] EDIT Fresh/views/Products/product_list.html: 1
[2020-09-09 16:34:27] EDIT Fresh/controllers/Account.py: 0
[2020-09-09 16:34:40] EDIT Fresh/controllers/Products.py: -1
[2020-09-09 16:34:58] EDIT Fresh/models/db.py: 0
[2020-09-09 16:35:04] EDIT Fresh/views/Products/product_list.html: 0
[2020-09-09 16:35:29] EDIT Fresh/views/Products/product_list.html: -1
[2020-09-10 08:49:59] EDIT Fresh/controllers/Account.py: 6
[2020-09-10 08:52:18] EDIT Fresh/views/Account/update.html: 7
[2020-09-10 08:52:27] EDIT Fresh/controllers/Account.py: 0
[2020-09-10 08:54:04] EDIT Fresh/views/Products/myposts.html: 1
[2020-09-10 08:54:23] EDIT Fresh/views/Products/myposts.html: 0
[2020-09-10 08:54:51] EDIT Fresh/views/Products/myposts.html: -1
[2020-09-10 08:55:21] EDIT Fresh/views/Products/myposts.html: 0
[2020-09-10 08:55:56] EDIT Fresh/views/Account/main.html: 1
[2020-09-10 08:56:42] EDIT Fresh/views/Account/main.html: -1
[2020-09-10 08:57:03] EDIT Fresh/views/Account/main.html: 0
[2020-09-10 08:57:41] EDIT Fresh/controllers/Account.py: 0
[2020-09-10 08:58:27] EDIT Fresh/controllers/Account.py: 0
[2020-09-10 08:58:32] EDIT Fresh/views/Account/update.html: 0
[2020-09-10 08:59:02] EDIT Fresh/views/Account/main.html: 0
[2020-09-10 09:12:59] EDIT Fresh/views/Products/order.html: 0
[2020-09-10 09:14:05] EDIT Fresh/views/Products/product_list.html: 0
[2020-09-10 09:14:07] EDIT Fresh/views/Products/order.html: 0
[2020-09-10 09:14:11] EDIT Fresh/controllers/Products.py: 4
[2020-09-10 09:15:31] EDIT Fresh/controllers/Products.py: 0
[2020-09-10 09:17:37] EDIT Fresh/controllers/Products.py: 0
[2020-09-10 09:23:02] EDIT Fresh/controllers/Products.py: 0
[2020-09-10 09:24:52] EDIT Fresh/controllers/Products.py: 0
[2020-09-10 09:27:54] EDIT Fresh/views/Products/product_list.html: 0
[2020-09-10 09:28:49] EDIT Fresh/controllers/Products.py: 0
[2020-09-10 09:29:48] EDIT Fresh/controllers/Products.py: 0
[2020-09-10 09:31:19] EDIT Fresh/controllers/Products.py: 0
[2020-09-10 09:32:58] EDIT Fresh/controllers/Products.py: -4
[2020-09-10 09:36:26] EDIT Fresh/views/Products/product_list.html: 1
[2020-09-10 09:37:41] EDIT Fresh/controllers/Products.py: -1
[2020-09-10 09:38:13] EDIT Fresh/controllers/Products.py: 0
[2020-09-10 09:39:26] EDIT Fresh/controllers/Products.py: 0
[2020-09-10 09:41:25] EDIT Fresh/views/Products/product_list.html: 0
[2020-09-10 09:42:38] EDIT Fresh/controllers/Products.py: 0
[2020-09-10 09:43:35] EDIT Fresh/controllers/Products.py: 0
[2020-09-10 09:44:36] EDIT Fresh/controllers/Products.py: 0
[2020-09-10 09:46:49] EDIT Fresh/views/Products/product_list.html: -1
[2020-09-10 09:49:27] EDIT Fresh/controllers/Products.py: 1
[2020-09-10 09:56:22] EDIT Fresh/views/Products/product_list.html: 1
[2020-09-10 09:57:31] EDIT Fresh/views/Products/product_list.html: 0
[2020-09-10 09:58:02] EDIT Fresh/views/Products/product_list.html: 0
[2020-09-10 09:59:25] EDIT Fresh/views/Products/product_list.html: 1
[2020-09-10 09:59:49] EDIT Fresh/views/Products/product_list.html: 1
[2020-09-10 10:01:13] EDIT Fresh/views/Products/product_list.html: -1
[2020-09-10 10:02:39] EDIT Fresh/views/Products/product_list.html: 1
[2020-09-10 10:13:53] EDIT Fresh/controllers/Products.py: 0
[2020-09-10 10:19:12] EDIT Fresh/views/Products/product_list.html: -3
[2020-09-10 10:20:28] EDIT Fresh/views/Products/product_list.html: 0
[2020-09-16 18:22:59] EDIT Fresh/views/layout.html: 0
